<?xml version="1.0" encoding="UTF-8"?>
<!-- Generated by org.testng.reporters.JUnitXMLReporter -->
<testsuite ignored="0" hostname="KICHCHABOSS" failures="0" tests="3" name="Test" time="0.174" errors="0" timestamp="2024-03-22T11:51:46 IST">
  <testcase classname="com.savaransh.testscript.CustomerModule" name="createCustomer" time="0.023"/>
  <testcase classname="com.savaransh.testscript.CustomerModule" name="deleteCustomer" time="0.006"/>
  <testcase classname="com.savaransh.testscript.CustomerModule" name="modifyCustomer" time="0.008"/>
</testsuite> <!-- Test -->
