<?xml version="1.0" encoding="UTF-8"?>
<!-- Generated by org.testng.reporters.JUnitXMLReporter -->
<testsuite ignored="0" hostname="KICHCHABOSS" failures="0" tests="3" name="Test" time="0.127" errors="0" timestamp="2024-03-21T21:14:34 IST">
  <testcase classname="com.ativas.testscript.CustomerModule" name="createCustomer" time="0.012"/>
  <testcase classname="com.ativas.testscript.CustomerModule" name="deleteCustomer" time="0.001"/>
  <testcase classname="com.ativas.testscript.CustomerModule" name="modifyCustomer" time="0.002"/>
</testsuite> <!-- Test -->
