<?xml version="1.0" encoding="UTF-8"?>
<!-- Generated by org.testng.reporters.JUnitXMLReporter -->
<testsuite ignored="0" hostname="KICHCHABOSS" failures="0" tests="3" name="Test" time="0.13" errors="0" timestamp="2024-03-22T11:52:33 IST">
  <testcase classname="com.savaransh.testscript.CustomerModule" name="createCustomer" time="0.009"/>
  <testcase classname="com.savaransh.testscript.CustomerModule" name="deleteCustomer" time="0.002"/>
  <testcase classname="com.savaransh.testscript.CustomerModule" name="modifyCustomer" time="0.004"/>
</testsuite> <!-- Test -->
