<?xml version="1.0" encoding="UTF-8"?>
<testng-results ignored="0" total="3" passed="3" failed="0" skipped="0">
  <reporter-output>
    <line>
      <![CDATA[CreateCustomer]]>
    </line>
    <line>
      <![CDATA[deleteCustomer]]>
    </line>
    <line>
      <![CDATA[modifyCustomer]]>
    </line>
  </reporter-output>
  <suite started-at="2024-03-22T11:52:33 IST" name="Suite" finished-at="2024-03-22T11:52:33 IST" duration-ms="130">
    <groups>
      <group name="regressiontest">
        <method signature="CustomerModule.createCustomer()[pri:0, instance:com.savaransh.testscript.CustomerModule@47987356]" name="createCustomer" class="com.savaransh.testscript.CustomerModule"/>
        <method signature="CustomerModule.deleteCustomer()[pri:0, instance:com.savaransh.testscript.CustomerModule@47987356]" name="deleteCustomer" class="com.savaransh.testscript.CustomerModule"/>
        <method signature="CustomerModule.modifyCustomer()[pri:0, instance:com.savaransh.testscript.CustomerModule@47987356]" name="modifyCustomer" class="com.savaransh.testscript.CustomerModule"/>
      </group> <!-- regressiontest -->
      <group name="smoketest">
        <method signature="CustomerModule.createCustomer()[pri:0, instance:com.savaransh.testscript.CustomerModule@47987356]" name="createCustomer" class="com.savaransh.testscript.CustomerModule"/>
      </group> <!-- smoketest -->
    </groups>
    <test started-at="2024-03-22T11:52:33 IST" name="Test" finished-at="2024-03-22T11:52:33 IST" duration-ms="130">
      <class name="com.savaransh.testscript.CustomerModule">
        <test-method signature="createCustomer()[pri:0, instance:com.savaransh.testscript.CustomerModule@47987356]" started-at="2024-03-22T11:52:33 IST" name="createCustomer" finished-at="2024-03-22T11:52:33 IST" duration-ms="9" status="PASS">
          <reporter-output>
            <line>
              <![CDATA[CreateCustomer]]>
            </line>
          </reporter-output>
        </test-method> <!-- createCustomer -->
        <test-method signature="deleteCustomer()[pri:0, instance:com.savaransh.testscript.CustomerModule@47987356]" started-at="2024-03-22T11:52:33 IST" name="deleteCustomer" finished-at="2024-03-22T11:52:33 IST" duration-ms="2" status="PASS">
          <reporter-output>
            <line>
              <![CDATA[deleteCustomer]]>
            </line>
          </reporter-output>
        </test-method> <!-- deleteCustomer -->
        <test-method signature="modifyCustomer()[pri:0, instance:com.savaransh.testscript.CustomerModule@47987356]" started-at="2024-03-22T11:52:33 IST" name="modifyCustomer" finished-at="2024-03-22T11:52:33 IST" duration-ms="4" status="PASS">
          <reporter-output>
            <line>
              <![CDATA[modifyCustomer]]>
            </line>
          </reporter-output>
        </test-method> <!-- modifyCustomer -->
      </class> <!-- com.savaransh.testscript.CustomerModule -->
    </test> <!-- Test -->
  </suite> <!-- Suite -->
</testng-results>
